broadbalk_WWW_N0+straw.sch
    time         somsc

 1845.00      1892.202
 1846.00      1887.653
 1847.00      1883.190
 1848.00      1879.443
 1849.00      1872.195
 1850.00      1866.411
 1851.00      1860.467
 1852.00      1857.758
 1853.00      1854.246
 1854.00      1850.726
 1855.00      1846.553
 1856.00      1844.611
 1857.00      1841.051
 1858.00      1840.376
 1859.00      1837.570
 1860.00      1834.113
 1861.00      1830.244
 1862.00      1827.378
 1863.00      1824.698
 1864.00      1821.202
 1865.00      1817.808
 1866.00      1816.016
 1867.00      1814.422
 1868.00      1811.721
 1869.00      1809.690
 1870.00      1807.755
 1871.00      1805.549
 1872.00      1801.467
 1873.00      1798.388
 1874.00      1795.915
 1875.00      1792.160
 1876.00      1790.276
 1877.00      1787.971
 1878.00      1785.193
 1879.00      1784.390
 1880.00      1780.753
 1881.00      1777.720
 1882.00      1776.359
 1883.00      1773.626
 1884.00      1770.405
 1885.00      1767.254
 1886.00      1764.941
 1887.00      1764.383
 1888.00      1761.918
 1889.00      1757.513
 1890.00      1757.341
 1891.00      1754.704
 1892.00      1751.068
 1893.00      1747.774
 1894.00      1745.279
 1895.00      1742.952
 1896.00      1740.384
 1897.00      1736.867
 1898.00      1734.393
 1899.00      1732.583
 1900.00      1730.206
 1901.00      1728.258
 1902.00      1725.653
 1903.00      1723.322
 1904.00      1721.118
 1905.00      1718.997
 1906.00      1717.181
 1907.00      1713.954
 1908.00      1711.351
 1909.00      1708.458
 1910.00      1706.397
 1911.00      1705.398
 1912.00      1702.234
 1913.00      1699.935
 1914.00      1696.279
 1915.00      1691.481
 1916.00      1688.814
 1917.00      1685.929
 1918.00      1682.927
 1919.00      1681.737
 1920.00      1680.346
 1921.00      1676.428
 1922.00      1672.720
 1923.00      1671.186
 1924.00      1670.311
 1925.00      1668.331
 1926.00      1665.444
 1927.00      1663.461
 1928.00      1662.134
 1929.00      1661.508
 1930.00      1661.349
 1931.00      1657.576
 1932.00      1655.380
 1933.00      1653.770
 1934.00      1652.943
 1935.00      1652.633
 1936.00      1648.669
 1937.00      1645.568
 1938.00      1642.074
 1939.00      1641.347
 1940.00      1639.500
 1941.00      1637.449
 1942.00      1634.604
 1943.00      1633.755
 1944.00      1631.251
 1945.00      1631.494
 1946.00      1629.568
 1947.00      1626.897
 1948.00      1623.737
 1949.00      1621.511
 1950.00      1619.527
 1951.00      1616.604
 1952.00      1613.705
 1953.00      1612.316
 1954.00      1611.199
 1955.00      1608.948
 1956.00      1607.315
 1957.00      1605.753
 1958.00      1603.948
 1959.00      1600.215
 1960.00      1597.501
 1961.00      1595.380
 1962.00      1591.960
 1963.00      1590.384
 1964.00      1588.391
 1965.00      1585.920
 1966.00      1585.459
 1967.00      1582.144
 1968.00      1579.451
 1969.00      1578.420
 1970.00      1576.194
 1971.00      1573.371
 1972.00      1570.646
 1973.00      1568.767
 1974.00      1568.711
 1975.00      1566.643
 1976.00      1562.487
 1977.00      1562.819
 1978.00      1560.505
 1979.00      1557.222
 1980.00      1554.239
 1981.00      1552.087
 1982.00      1550.100
 1983.00      1547.825
 1984.00      1544.574
 1985.00      1542.355
 1986.00      1540.918
 1987.00      1542.675
 1988.00      1546.443
 1989.00      1548.481
 1990.00      1551.649
 1991.00      1553.441
 1992.00      1555.269
 1993.00      1558.422
 1994.00      1558.024
 1995.00      1555.702
 1996.00      1554.622
 1997.00      1554.885
 1998.00      1557.604
 1999.00      1556.264
 2000.00      1555.639
 2001.00      1552.687
 2002.00      1547.471
 2003.00      1546.786
 2004.00      1544.767
 2005.00      1542.888
 2006.00      1543.938
 2007.00      1544.569
 2008.00      1541.092
 2009.00      1537.965
 2010.00      1537.696
 2011.00      1538.476
