broadbalk_WWW_FYM2+straw.sch
    time         somsc

 1845.00      1892.202
 1846.00      1887.653
 1847.00      1883.190
 1848.00      1879.443
 1849.00      1872.195
 1850.00      1866.411
 1851.00      1860.467
 1852.00      1857.758
 1853.00      1854.246
 1854.00      1850.726
 1855.00      1846.553
 1856.00      1844.611
 1857.00      1841.051
 1858.00      1840.376
 1859.00      1837.570
 1860.00      1834.113
 1861.00      1830.244
 1862.00      1827.378
 1863.00      1824.698
 1864.00      1821.202
 1865.00      1817.808
 1866.00      1816.016
 1867.00      1814.422
 1868.00      1811.721
 1869.00      1809.690
 1870.00      1807.755
 1871.00      1805.549
 1872.00      1801.467
 1873.00      1798.388
 1874.00      1795.915
 1875.00      1792.160
 1876.00      1790.276
 1877.00      1787.971
 1878.00      1785.193
 1879.00      1784.390
 1880.00      1780.753
 1881.00      1777.720
 1882.00      1776.359
 1883.00      1773.626
 1884.00      1770.405
 1885.00      1767.254
 1886.00      1902.420
 1887.00      2065.009
 1888.00      2204.361
 1889.00      2322.911
 1890.00      2411.627
 1891.00      2493.538
 1892.00      2569.923
 1893.00      2622.051
 1894.00      2669.274
 1895.00      2711.374
 1896.00      2741.335
 1897.00      2772.201
 1898.00      2794.881
 1899.00      2816.506
 1900.00      2831.355
 1901.00      2841.524
 1902.00      2850.477
 1903.00      2864.513
 1904.00      2875.467
 1905.00      2881.366
 1906.00      2894.444
 1907.00      2913.634
 1908.00      2922.695
 1909.00      2924.375
 1910.00      2932.468
 1911.00      2938.126
 1912.00      2941.335
 1913.00      2936.419
 1914.00      2942.724
 1915.00      2946.189
 1916.00      2950.776
 1917.00      2962.781
 1918.00      2970.865
 1919.00      2975.345
 1920.00      2982.339
 1921.00      2984.248
 1922.00      2989.437
 1923.00      2993.407
 1924.00      2993.302
 1925.00      2998.020
 1926.00      3001.106
 1927.00      3006.519
 1928.00      3017.250
 1929.00      3015.651
 1930.00      3021.309
 1931.00      3030.181
 1932.00      3037.207
 1933.00      3041.823
 1934.00      3054.084
 1935.00      3056.265
 1936.00      3049.941
 1937.00      3054.587
 1938.00      3066.599
 1939.00      3064.872
 1940.00      3068.263
 1941.00      3074.445
 1942.00      3073.717
 1943.00      3079.825
 1944.00      3081.630
 1945.00      3086.764
 1946.00      3086.861
 1947.00      3084.791
 1948.00      3084.408
 1949.00      3089.894
 1950.00      3093.883
 1951.00      3094.040
 1952.00      3103.203
 1953.00      3119.516
 1954.00      3126.327
 1955.00      3124.539
 1956.00      3130.659
 1957.00      3134.355
 1958.00      3135.949
 1959.00      3128.945
 1960.00      3134.596
 1961.00      3137.565
 1962.00      3141.092
 1963.00      3153.007
 1964.00      3161.552
 1965.00      3165.715
 1966.00      3172.211
 1967.00      3173.698
 1968.00      3178.616
 1969.00      3182.993
 1970.00      3190.528
 1971.00      3202.854
 1972.00      3211.605
 1973.00      3223.066
 1974.00      3241.297
 1975.00      3241.440
 1976.00      3249.504
 1977.00      3258.566
 1978.00      3266.232
 1979.00      3266.797
 1980.00      3270.608
 1981.00      3270.141
 1982.00      3272.243
 1983.00      3273.719
 1984.00      3275.238
 1985.00      3280.171
 1986.00      3285.222
 1987.00      3341.892
 1988.00      3410.418
 1989.00      3466.189
 1990.00      3517.052
 1991.00      3557.128
 1992.00      3596.398
 1993.00      3636.511
 1994.00      3668.270
 1995.00      3678.263
 1996.00      3709.810
 1997.00      3721.278
 1998.00      3725.943
 1999.00      3745.916
 2000.00      3765.820
 2001.00      3772.326
 2002.00      3783.649
 2003.00      3788.094
 2004.00      3796.324
 2005.00      3816.551
 2006.00      3823.736
 2007.00      3827.323
 2008.00      3836.904
 2009.00      3847.115
 2010.00      3846.784
 2011.00      3843.113
